system   I             system.c:245  al_install_system                [   0.00043] Allegro version: 5.1.12 (WIP)
dtor     D               dtor.c:184  _al_register_destructor          [   0.00077] added dtor for object 00D2FAA8, func 5548172B
system   D            wsystem.c:674  maybe_parent_dir                 [   0.00090] Also searching C:\Users\Administrador\Documents\GitHub\AllegroGame\Game\bin\Win32\
system   D            wsystem.c:724  _al_win_safe_load_library        [   0.00105] PathFindOnPath found: C:\WINDOWS\system32\d3d9.dll
system   D            wsystem.c:635  load_library_at_path             [   0.00108] Calling LoadLibrary C:\WINDOWS\system32\d3d9.dll
system   I            wsystem.c:638  load_library_at_path             [   0.01360] Loaded C:\WINDOWS\system32\d3d9.dll
d3d      I         d3d_disp.cpp:672  d3d_init_display                 [   0.03649] Render-to-texture: 1
d3d      I         d3d_disp.cpp:1770 d3d_create_display_locked        [   0.03682] faux_fullscreen=0
d3d      D         d3d_disp.cpp:1771 d3d_create_display_locked        [   0.03684] al_display=00DAF4F8
d3d      D         d3d_disp.cpp:1772 d3d_create_display_locked        [   0.03686] al_display->vt=00DD3F40
d3d      I d3d_display_formats.cpp:144  _al_d3d_generate_display_format_list [   0.03888] found 288 format combinations
display  D   display_settings.c:202  debug_display_settings           [   0.03893] color: 32 (rgba 8880), depth: 0, stencil: 0, acc: 0000, samples: 0/0
display  D   display_settings.c:517  _al_score_display_settings       [   0.03896] Score is : 897
display  D   display_settings.c:202  debug_display_settings           [   0.03898] color: 32 (rgba 8880), depth: 0, stencil: 0, acc: 0000, samples: 0/0
display  D   display_settings.c:517  _al_score_display_settings       [   0.03900] Score is : 897
display  D   display_settings.c:202  debug_display_settings           [   0.03902] color: 32 (rgba 8880), depth: 0, stencil: 0, acc: 0000, samples: 2/1
display  D   display_settings.c:517  _al_score_display_settings       [   0.03904] Score is : 726
display  D   display_settings.c:202  debug_display_settings           [   0.03907] color: 32 (rgba 8880), depth: 0, stencil: 0, acc: 0000, samples: 3/1
display  D   display_settings.c:517  _al_score_display_settings       [   0.03909] Score is : 721
display  D   display_settings.c:202  debug_display_settings           [   0.03911] color: 32 (rgba 8880), depth: 0, stencil: 0, acc: 0000, samples: 4/1
display  D   display_settings.c:517  _al_score_display_settings       [   0.03915] Score is : 717
display  D   display_settings.c:202  debug_display_settings           [   0.03916] color: 32 (rgba 8880), depth: 0, stencil: 0, acc: 0000, samples: 5/1
display  D   display_settings.c:517  _al_score_display_settings       [   0.03921] Score is : 715
display  D   display_settings.c:202  debug_display_settings           [   0.03922] color: 32 (rgba 8880), depth: 0, stencil: 0, acc: 0000, samples: 6/1
display  D   display_settings.c:517  _al_score_display_settings       [   0.03925] Score is : 714
display  D   display_settings.c:202  debug_display_settings           [   0.03926] color: 32 (rgba 8880), depth: 0, stencil: 0, acc: 0000, samples: 7/1
display  D   display_settings.c:517  _al_score_display_settings       [   0.03929] Score is : 713
display  D   display_settings.c:202  debug_display_settings           [   0.03931] color: 32 (rgba 8880), depth: 0, stencil: 0, acc: 0000, samples: 8/1
display  D   display_settings.c:517  _al_score_display_settings       [   0.03933] Score is : 712
display  D   display_settings.c:202  debug_display_settings           [   0.03935] color: 32 (rgba 8880), depth: 24, stencil: 8, acc: 0000, samples: 0/0
display  D   display_settings.c:517  _al_score_display_settings       [   0.03937] Score is : 897
display  D   display_settings.c:202  debug_display_settings           [   0.03938] color: 32 (rgba 8880), depth: 24, stencil: 8, acc: 0000, samples: 0/0
display  D   display_settings.c:517  _al_score_display_settings       [   0.03940] Score is : 897
display  D   display_settings.c:202  debug_display_settings           [   0.03946] color: 32 (rgba 8880), depth: 24, stencil: 8, acc: 0000, samples: 2/1
display  D   display_settings.c:517  _al_score_display_settings       [   0.03949] Score is : 726
display  D   display_settings.c:202  debug_display_settings           [   0.03950] color: 32 (rgba 8880), depth: 24, stencil: 8, acc: 0000, samples: 3/1
display  D   display_settings.c:517  _al_score_display_settings       [   0.03952] Score is : 721
display  D   display_settings.c:202  debug_display_settings           [   0.03954] color: 32 (rgba 8880), depth: 24, stencil: 8, acc: 0000, samples: 4/1
display  D   display_settings.c:517  _al_score_display_settings       [   0.03956] Score is : 717
display  D   display_settings.c:202  debug_display_settings           [   0.03958] color: 32 (rgba 8880), depth: 24, stencil: 8, acc: 0000, samples: 5/1
display  D   display_settings.c:517  _al_score_display_settings       [   0.03960] Score is : 715
display  D   display_settings.c:202  debug_display_settings           [   0.03961] color: 32 (rgba 8880), depth: 24, stencil: 8, acc: 0000, samples: 6/1
display  D   display_settings.c:517  _al_score_display_settings       [   0.03963] Score is : 714
display  D   display_settings.c:202  debug_display_settings           [   0.03965] color: 32 (rgba 8880), depth: 24, stencil: 8, acc: 0000, samples: 7/1
display  D   display_settings.c:517  _al_score_display_settings       [   0.03967] Score is : 713
display  D   display_settings.c:202  debug_display_settings           [   0.03969] color: 32 (rgba 8880), depth: 24, stencil: 8, acc: 0000, samples: 8/1
display  D   display_settings.c:517  _al_score_display_settings       [   0.03971] Score is : 712
display  D   display_settings.c:202  debug_display_settings           [   0.03972] color: 32 (rgba 8880), depth: 24, stencil: 0, acc: 0000, samples: 0/0
display  D   display_settings.c:517  _al_score_display_settings       [   0.03975] Score is : 897
display  D   display_settings.c:202  debug_display_settings           [   0.03976] color: 32 (rgba 8880), depth: 24, stencil: 0, acc: 0000, samples: 0/0
display  D   display_settings.c:517  _al_score_display_settings       [   0.03978] Score is : 897
display  D   display_settings.c:202  debug_display_settings           [   0.03980] color: 32 (rgba 8880), depth: 24, stencil: 0, acc: 0000, samples: 2/1
display  D   display_settings.c:517  _al_score_display_settings       [   0.03982] Score is : 726
display  D   display_settings.c:202  debug_display_settings           [   0.03983] color: 32 (rgba 8880), depth: 24, stencil: 0, acc: 0000, samples: 3/1
display  D   display_settings.c:517  _al_score_display_settings       [   0.03986] Score is : 721
display  D   display_settings.c:202  debug_display_settings           [   0.03987] color: 32 (rgba 8880), depth: 24, stencil: 0, acc: 0000, samples: 4/1
display  D   display_settings.c:517  _al_score_display_settings       [   0.03989] Score is : 717
display  D   display_settings.c:202  debug_display_settings           [   0.03991] color: 32 (rgba 8880), depth: 24, stencil: 0, acc: 0000, samples: 5/1
display  D   display_settings.c:517  _al_score_display_settings       [   0.03993] Score is : 715
display  D   display_settings.c:202  debug_display_settings           [   0.03994] color: 32 (rgba 8880), depth: 24, stencil: 0, acc: 0000, samples: 6/1
display  D   display_settings.c:517  _al_score_display_settings       [   0.03996] Score is : 714
display  D   display_settings.c:202  debug_display_settings           [   0.03998] color: 32 (rgba 8880), depth: 24, stencil: 0, acc: 0000, samples: 7/1
display  D   display_settings.c:517  _al_score_display_settings       [   0.04000] Score is : 713
display  D   display_settings.c:202  debug_display_settings           [   0.04002] color: 32 (rgba 8880), depth: 24, stencil: 0, acc: 0000, samples: 8/1
display  D   display_settings.c:517  _al_score_display_settings       [   0.04004] Score is : 712
display  D   display_settings.c:202  debug_display_settings           [   0.04005] color: 32 (rgba 8880), depth: 16, stencil: 0, acc: 0000, samples: 0/0
display  D   display_settings.c:517  _al_score_display_settings       [   0.04010] Score is : 897
display  D   display_settings.c:202  debug_display_settings           [   0.04012] color: 32 (rgba 8880), depth: 16, stencil: 0, acc: 0000, samples: 0/0
display  D   display_settings.c:517  _al_score_display_settings       [   0.04014] Score is : 897
display  D   display_settings.c:202  debug_display_settings           [   0.04015] color: 32 (rgba 8880), depth: 16, stencil: 0, acc: 0000, samples: 2/1
display  D   display_settings.c:517  _al_score_display_settings       [   0.04017] Score is : 726
display  D   display_settings.c:202  debug_display_settings           [   0.04019] color: 32 (rgba 8880), depth: 16, stencil: 0, acc: 0000, samples: 3/1
display  D   display_settings.c:517  _al_score_display_settings       [   0.04021] Score is : 721
display  D   display_settings.c:202  debug_display_settings           [   0.04023] color: 32 (rgba 8880), depth: 16, stencil: 0, acc: 0000, samples: 4/1
display  D   display_settings.c:517  _al_score_display_settings       [   0.04025] Score is : 717
display  D   display_settings.c:202  debug_display_settings           [   0.04027] color: 32 (rgba 8880), depth: 16, stencil: 0, acc: 0000, samples: 5/1
display  D   display_settings.c:517  _al_score_display_settings       [   0.04029] Score is : 715
display  D   display_settings.c:202  debug_display_settings           [   0.04030] color: 32 (rgba 8880), depth: 16, stencil: 0, acc: 0000, samples: 6/1
display  D   display_settings.c:517  _al_score_display_settings       [   0.04032] Score is : 714
display  D   display_settings.c:202  debug_display_settings           [   0.04034] color: 32 (rgba 8880), depth: 16, stencil: 0, acc: 0000, samples: 7/1
display  D   display_settings.c:517  _al_score_display_settings       [   0.04036] Score is : 713
display  D   display_settings.c:202  debug_display_settings           [   0.04038] color: 32 (rgba 8880), depth: 16, stencil: 0, acc: 0000, samples: 8/1
display  D   display_settings.c:517  _al_score_display_settings       [   0.04040] Score is : 712
display  D   display_settings.c:202  debug_display_settings           [   0.04041] color: 16 (rgba 5650), depth: 0, stencil: 0, acc: 0000, samples: 0/0
display  D   display_settings.c:517  _al_score_display_settings       [   0.04043] Score is : 897
display  D   display_settings.c:202  debug_display_settings           [   0.04045] color: 16 (rgba 5650), depth: 0, stencil: 0, acc: 0000, samples: 0/0
display  D   display_settings.c:517  _al_score_display_settings       [   0.04047] Score is : 897
display  D   display_settings.c:202  debug_display_settings           [   0.04049] color: 16 (rgba 5650), depth: 0, stencil: 0, acc: 0000, samples: 2/1
display  D   display_settings.c:517  _al_score_display_settings       [   0.04051] Score is : 726
display  D   display_settings.c:202  debug_display_settings           [   0.04052] color: 16 (rgba 5650), depth: 0, stencil: 0, acc: 0000, samples: 3/1
display  D   display_settings.c:517  _al_score_display_settings       [   0.04054] Score is : 721
display  D   display_settings.c:202  debug_display_settings           [   0.04056] color: 16 (rgba 5650), depth: 0, stencil: 0, acc: 0000, samples: 4/1
display  D   display_settings.c:517  _al_score_display_settings       [   0.04058] Score is : 717
display  D   display_settings.c:202  debug_display_settings           [   0.04060] color: 16 (rgba 5650), depth: 0, stencil: 0, acc: 0000, samples: 5/1
display  D   display_settings.c:517  _al_score_display_settings       [   0.04062] Score is : 715
display  D   display_settings.c:202  debug_display_settings           [   0.04063] color: 16 (rgba 5650), depth: 0, stencil: 0, acc: 0000, samples: 6/1
display  D   display_settings.c:517  _al_score_display_settings       [   0.04065] Score is : 714
display  D   display_settings.c:202  debug_display_settings           [   0.04067] color: 16 (rgba 5650), depth: 0, stencil: 0, acc: 0000, samples: 7/1
display  D   display_settings.c:517  _al_score_display_settings       [   0.04074] Score is : 713
display  D   display_settings.c:202  debug_display_settings           [   0.04076] color: 16 (rgba 5650), depth: 0, stencil: 0, acc: 0000, samples: 8/1
display  D   display_settings.c:517  _al_score_display_settings       [   0.04078] Score is : 712
display  D   display_settings.c:202  debug_display_settings           [   0.04079] color: 16 (rgba 5650), depth: 24, stencil: 8, acc: 0000, samples: 0/0
display  D   display_settings.c:517  _al_score_display_settings       [   0.04081] Score is : 897
display  D   display_settings.c:202  debug_display_settings           [   0.04083] color: 16 (rgba 5650), depth: 24, stencil: 8, acc: 0000, samples: 0/0
display  D   display_settings.c:517  _al_score_display_settings       [   0.04085] Score is : 897
display  D   display_settings.c:202  debug_display_settings           [   0.04087] color: 16 (rgba 5650), depth: 24, stencil: 8, acc: 0000, samples: 2/1
display  D   display_settings.c:517  _al_score_display_settings       [   0.04089] Score is : 726
display  D   display_settings.c:202  debug_display_settings           [   0.04090] color: 16 (rgba 5650), depth: 24, stencil: 8, acc: 0000, samples: 3/1
display  D   display_settings.c:517  _al_score_display_settings       [   0.04092] Score is : 721
display  D   display_settings.c:202  debug_display_settings           [   0.04094] color: 16 (rgba 5650), depth: 24, stencil: 8, acc: 0000, samples: 4/1
display  D   display_settings.c:517  _al_score_display_settings       [   0.04096] Score is : 717
display  D   display_settings.c:202  debug_display_settings           [   0.04098] color: 16 (rgba 5650), depth: 24, stencil: 8, acc: 0000, samples: 5/1
display  D   display_settings.c:517  _al_score_display_settings       [   0.04100] Score is : 715
display  D   display_settings.c:202  debug_display_settings           [   0.04101] color: 16 (rgba 5650), depth: 24, stencil: 8, acc: 0000, samples: 6/1
display  D   display_settings.c:517  _al_score_display_settings       [   0.04103] Score is : 714
display  D   display_settings.c:202  debug_display_settings           [   0.04105] color: 16 (rgba 5650), depth: 24, stencil: 8, acc: 0000, samples: 7/1
display  D   display_settings.c:517  _al_score_display_settings       [   0.04107] Score is : 713
display  D   display_settings.c:202  debug_display_settings           [   0.04109] color: 16 (rgba 5650), depth: 24, stencil: 8, acc: 0000, samples: 8/1
display  D   display_settings.c:517  _al_score_display_settings       [   0.04111] Score is : 712
display  D   display_settings.c:202  debug_display_settings           [   0.04112] color: 16 (rgba 5650), depth: 24, stencil: 0, acc: 0000, samples: 0/0
display  D   display_settings.c:517  _al_score_display_settings       [   0.04114] Score is : 897
display  D   display_settings.c:202  debug_display_settings           [   0.04116] color: 16 (rgba 5650), depth: 24, stencil: 0, acc: 0000, samples: 0/0
display  D   display_settings.c:517  _al_score_display_settings       [   0.04118] Score is : 897
display  D   display_settings.c:202  debug_display_settings           [   0.04121] color: 16 (rgba 5650), depth: 24, stencil: 0, acc: 0000, samples: 2/1
display  D   display_settings.c:517  _al_score_display_settings       [   0.04123] Score is : 726
display  D   display_settings.c:202  debug_display_settings           [   0.04125] color: 16 (rgba 5650), depth: 24, stencil: 0, acc: 0000, samples: 3/1
display  D   display_settings.c:517  _al_score_display_settings       [   0.04127] Score is : 721
display  D   display_settings.c:202  debug_display_settings           [   0.04128] color: 16 (rgba 5650), depth: 24, stencil: 0, acc: 0000, samples: 4/1
display  D   display_settings.c:517  _al_score_display_settings       [   0.04131] Score is : 717
display  D   display_settings.c:202  debug_display_settings           [   0.04132] color: 16 (rgba 5650), depth: 24, stencil: 0, acc: 0000, samples: 5/1
display  D   display_settings.c:517  _al_score_display_settings       [   0.04134] Score is : 715
display  D   display_settings.c:202  debug_display_settings           [   0.04136] color: 16 (rgba 5650), depth: 24, stencil: 0, acc: 0000, samples: 6/1
display  D   display_settings.c:517  _al_score_display_settings       [   0.04138] Score is : 714
display  D   display_settings.c:202  debug_display_settings           [   0.04140] color: 16 (rgba 5650), depth: 24, stencil: 0, acc: 0000, samples: 7/1
display  D   display_settings.c:517  _al_score_display_settings       [   0.04142] Score is : 713
display  D   display_settings.c:202  debug_display_settings           [   0.04143] color: 16 (rgba 5650), depth: 24, stencil: 0, acc: 0000, samples: 8/1
display  D   display_settings.c:517  _al_score_display_settings       [   0.04146] Score is : 712
display  D   display_settings.c:202  debug_display_settings           [   0.04147] color: 16 (rgba 5650), depth: 16, stencil: 0, acc: 0000, samples: 0/0
display  D   display_settings.c:517  _al_score_display_settings       [   0.04149] Score is : 897
display  D   display_settings.c:202  debug_display_settings           [   0.04151] color: 16 (rgba 5650), depth: 16, stencil: 0, acc: 0000, samples: 0/0
display  D   display_settings.c:517  _al_score_display_settings       [   0.04153] Score is : 897
display  D   display_settings.c:202  debug_display_settings           [   0.04154] color: 16 (rgba 5650), depth: 16, stencil: 0, acc: 0000, samples: 2/1
display  D   display_settings.c:517  _al_score_display_settings       [   0.04157] Score is : 726
display  D   display_settings.c:202  debug_display_settings           [   0.04158] color: 16 (rgba 5650), depth: 16, stencil: 0, acc: 0000, samples: 3/1
display  D   display_settings.c:517  _al_score_display_settings       [   0.04160] Score is : 721
display  D   display_settings.c:202  debug_display_settings           [   0.04162] color: 16 (rgba 5650), depth: 16, stencil: 0, acc: 0000, samples: 4/1
display  D   display_settings.c:517  _al_score_display_settings       [   0.04164] Score is : 717
display  D   display_settings.c:202  debug_display_settings           [   0.04165] color: 16 (rgba 5650), depth: 16, stencil: 0, acc: 0000, samples: 5/1
display  D   display_settings.c:517  _al_score_display_settings       [   0.04167] Score is : 715
display  D   display_settings.c:202  debug_display_settings           [   0.04169] color: 16 (rgba 5650), depth: 16, stencil: 0, acc: 0000, samples: 6/1
display  D   display_settings.c:517  _al_score_display_settings       [   0.04171] Score is : 714
display  D   display_settings.c:202  debug_display_settings           [   0.04173] color: 16 (rgba 5650), depth: 16, stencil: 0, acc: 0000, samples: 7/1
display  D   display_settings.c:517  _al_score_display_settings       [   0.04175] Score is : 713
display  D   display_settings.c:202  debug_display_settings           [   0.04176] color: 16 (rgba 5650), depth: 16, stencil: 0, acc: 0000, samples: 8/1
display  D   display_settings.c:517  _al_score_display_settings       [   0.04178] Score is : 712
display  D   display_settings.c:202  debug_display_settings           [   0.04180] color: 32 (rgba 8880), depth: 0, stencil: 0, acc: 0000, samples: 0/0
display  D   display_settings.c:388  _al_score_display_settings       [   0.04182] Single Buffer requirement not met.
display  D   display_settings.c:202  debug_display_settings           [   0.04184] color: 32 (rgba 8880), depth: 0, stencil: 0, acc: 0000, samples: 0/0
display  D   display_settings.c:388  _al_score_display_settings       [   0.04186] Single Buffer requirement not met.
display  D   display_settings.c:202  debug_display_settings           [   0.04187] color: 32 (rgba 8880), depth: 0, stencil: 0, acc: 0000, samples: 2/1
display  D   display_settings.c:388  _al_score_display_settings       [   0.04190] Single Buffer requirement not met.
display  D   display_settings.c:202  debug_display_settings           [   0.04191] color: 32 (rgba 8880), depth: 0, stencil: 0, acc: 0000, samples: 3/1
display  D   display_settings.c:388  _al_score_display_settings       [   0.04193] Single Buffer requirement not met.
display  D   display_settings.c:202  debug_display_settings           [   0.04195] color: 32 (rgba 8880), depth: 0, stencil: 0, acc: 0000, samples: 4/1
display  D   display_settings.c:388  _al_score_display_settings       [   0.04197] Single Buffer requirement not met.
display  D   display_settings.c:202  debug_display_settings           [   0.04199] color: 32 (rgba 8880), depth: 0, stencil: 0, acc: 0000, samples: 5/1
display  D   display_settings.c:388  _al_score_display_settings       [   0.04201] Single Buffer requirement not met.
display  D   display_settings.c:202  debug_display_settings           [   0.04203] color: 32 (rgba 8880), depth: 0, stencil: 0, acc: 0000, samples: 6/1
display  D   display_settings.c:388  _al_score_display_settings       [   0.04205] Single Buffer requirement not met.
display  D   display_settings.c:202  debug_display_settings           [   0.04206] color: 32 (rgba 8880), depth: 0, stencil: 0, acc: 0000, samples: 7/1
display  D   display_settings.c:388  _al_score_display_settings       [   0.04208] Single Buffer requirement not met.
display  D   display_settings.c:202  debug_display_settings           [   0.04210] color: 32 (rgba 8880), depth: 0, stencil: 0, acc: 0000, samples: 8/1
display  D   display_settings.c:388  _al_score_display_settings       [   0.04212] Single Buffer requirement not met.
display  D   display_settings.c:202  debug_display_settings           [   0.04214] color: 32 (rgba 8880), depth: 24, stencil: 8, acc: 0000, samples: 0/0
display  D   display_settings.c:388  _al_score_display_settings       [   0.04216] Single Buffer requirement not met.
display  D   display_settings.c:202  debug_display_settings           [   0.04218] color: 32 (rgba 8880), depth: 24, stencil: 8, acc: 0000, samples: 0/0
display  D   display_settings.c:388  _al_score_display_settings       [   0.04220] Single Buffer requirement not met.
display  D   display_settings.c:202  debug_display_settings           [   0.04222] color: 32 (rgba 8880), depth: 24, stencil: 8, acc: 0000, samples: 2/1
display  D   display_settings.c:388  _al_score_display_settings       [   0.04224] Single Buffer requirement not met.
display  D   display_settings.c:202  debug_display_settings           [   0.04225] color: 32 (rgba 8880), depth: 24, stencil: 8, acc: 0000, samples: 3/1
display  D   display_settings.c:388  _al_score_display_settings       [   0.04227] Single Buffer requirement not met.
display  D   display_settings.c:202  debug_display_settings           [   0.04229] color: 32 (rgba 8880), depth: 24, stencil: 8, acc: 0000, samples: 4/1
display  D   display_settings.c:388  _al_score_display_settings       [   0.04231] Single Buffer requirement not met.
display  D   display_settings.c:202  debug_display_settings           [   0.04233] color: 32 (rgba 8880), depth: 24, stencil: 8, acc: 0000, samples: 5/1
display  D   display_settings.c:388  _al_score_display_settings       [   0.04235] Single Buffer requirement not met.
display  D   display_settings.c:202  debug_display_settings           [   0.04237] color: 32 (rgba 8880), depth: 24, stencil: 8, acc: 0000, samples: 6/1
display  D   display_settings.c:388  _al_score_display_settings       [   0.04239] Single Buffer requirement not met.
display  D   display_settings.c:202  debug_display_settings           [   0.04240] color: 32 (rgba 8880), depth: 24, stencil: 8, acc: 0000, samples: 7/1
display  D   display_settings.c:388  _al_score_display_settings       [   0.04242] Single Buffer requirement not met.
display  D   display_settings.c:202  debug_display_settings           [   0.04244] color: 32 (rgba 8880), depth: 24, stencil: 8, acc: 0000, samples: 8/1
display  D   display_settings.c:388  _al_score_display_settings       [   0.04246] Single Buffer requirement not met.
display  D   display_settings.c:202  debug_display_settings           [   0.04248] color: 32 (rgba 8880), depth: 24, stencil: 0, acc: 0000, samples: 0/0
display  D   display_settings.c:388  _al_score_display_settings       [   0.04250] Single Buffer requirement not met.
display  D   display_settings.c:202  debug_display_settings           [   0.04252] color: 32 (rgba 8880), depth: 24, stencil: 0, acc: 0000, samples: 0/0
display  D   display_settings.c:388  _al_score_display_settings       [   0.04254] Single Buffer requirement not met.
display  D   display_settings.c:202  debug_display_settings           [   0.04256] color: 32 (rgba 8880), depth: 24, stencil: 0, acc: 0000, samples: 2/1
display  D   display_settings.c:388  _al_score_display_settings       [   0.04258] Single Buffer requirement not met.
display  D   display_settings.c:202  debug_display_settings           [   0.04259] color: 32 (rgba 8880), depth: 24, stencil: 0, acc: 0000, samples: 3/1
display  D   display_settings.c:388  _al_score_display_settings       [   0.04261] Single Buffer requirement not met.
display  D   display_settings.c:202  debug_display_settings           [   0.04263] color: 32 (rgba 8880), depth: 24, stencil: 0, acc: 0000, samples: 4/1
display  D   display_settings.c:388  _al_score_display_settings       [   0.04265] Single Buffer requirement not met.
display  D   display_settings.c:202  debug_display_settings           [   0.04267] color: 32 (rgba 8880), depth: 24, stencil: 0, acc: 0000, samples: 5/1
display  D   display_settings.c:388  _al_score_display_settings       [   0.04269] Single Buffer requirement not met.
display  D   display_settings.c:202  debug_display_settings           [   0.04270] color: 32 (rgba 8880), depth: 24, stencil: 0, acc: 0000, samples: 6/1
display  D   display_settings.c:388  _al_score_display_settings       [   0.04272] Single Buffer requirement not met.
display  D   display_settings.c:202  debug_display_settings           [   0.04274] color: 32 (rgba 8880), depth: 24, stencil: 0, acc: 0000, samples: 7/1
display  D   display_settings.c:388  _al_score_display_settings       [   0.04276] Single Buffer requirement not met.
display  D   display_settings.c:202  debug_display_settings           [   0.04278] color: 32 (rgba 8880), depth: 24, stencil: 0, acc: 0000, samples: 8/1
display  D   display_settings.c:388  _al_score_display_settings       [   0.04280] Single Buffer requirement not met.
display  D   display_settings.c:202  debug_display_settings           [   0.04282] color: 32 (rgba 8880), depth: 16, stencil: 0, acc: 0000, samples: 0/0
display  D   display_settings.c:388  _al_score_display_settings       [   0.04284] Single Buffer requirement not met.
display  D   display_settings.c:202  debug_display_settings           [   0.04285] color: 32 (rgba 8880), depth: 16, stencil: 0, acc: 0000, samples: 0/0
display  D   display_settings.c:388  _al_score_display_settings       [   0.04287] Single Buffer requirement not met.
display  D   display_settings.c:202  debug_display_settings           [   0.04289] color: 32 (rgba 8880), depth: 16, stencil: 0, acc: 0000, samples: 2/1
display  D   display_settings.c:388  _al_score_display_settings       [   0.04291] Single Buffer requirement not met.
display  D   display_settings.c:202  debug_display_settings           [   0.04293] color: 32 (rgba 8880), depth: 16, stencil: 0, acc: 0000, samples: 3/1
display  D   display_settings.c:388  _al_score_display_settings       [   0.04295] Single Buffer requirement not met.
display  D   display_settings.c:202  debug_display_settings           [   0.04296] color: 32 (rgba 8880), depth: 16, stencil: 0, acc: 0000, samples: 4/1
display  D   display_settings.c:388  _al_score_display_settings       [   0.04299] Single Buffer requirement not met.
display  D   display_settings.c:202  debug_display_settings           [   0.04300] color: 32 (rgba 8880), depth: 16, stencil: 0, acc: 0000, samples: 5/1
display  D   display_settings.c:388  _al_score_display_settings       [   0.04302] Single Buffer requirement not met.
display  D   display_settings.c:202  debug_display_settings           [   0.04304] color: 32 (rgba 8880), depth: 16, stencil: 0, acc: 0000, samples: 6/1
display  D   display_settings.c:388  _al_score_display_settings       [   0.04306] Single Buffer requirement not met.
display  D   display_settings.c:202  debug_display_settings           [   0.04308] color: 32 (rgba 8880), depth: 16, stencil: 0, acc: 0000, samples: 7/1
display  D   display_settings.c:388  _al_score_display_settings       [   0.04310] Single Buffer requirement not met.
display  D   display_settings.c:202  debug_display_settings           [   0.04312] color: 32 (rgba 8880), depth: 16, stencil: 0, acc: 0000, samples: 8/1
display  D   display_settings.c:388  _al_score_display_settings       [   0.04314] Single Buffer requirement not met.
display  D   display_settings.c:202  debug_display_settings           [   0.04315] color: 16 (rgba 5650), depth: 0, stencil: 0, acc: 0000, samples: 0/0
display  D   display_settings.c:388  _al_score_display_settings       [   0.04318] Single Buffer requirement not met.
display  D   display_settings.c:202  debug_display_settings           [   0.04319] color: 16 (rgba 5650), depth: 0, stencil: 0, acc: 0000, samples: 0/0
display  D   display_settings.c:388  _al_score_display_settings       [   0.04321] Single Buffer requirement not met.
display  D   display_settings.c:202  debug_display_settings           [   0.04323] color: 16 (rgba 5650), depth: 0, stencil: 0, acc: 0000, samples: 2/1
display  D   display_settings.c:388  _al_score_display_settings       [   0.04325] Single Buffer requirement not met.
display  D   display_settings.c:202  debug_display_settings           [   0.04327] color: 16 (rgba 5650), depth: 0, stencil: 0, acc: 0000, samples: 3/1
display  D   display_settings.c:388  _al_score_display_settings       [   0.04329] Single Buffer requirement not met.
display  D   display_settings.c:202  debug_display_settings           [   0.04331] color: 16 (rgba 5650), depth: 0, stencil: 0, acc: 0000, samples: 4/1
display  D   display_settings.c:388  _al_score_display_settings       [   0.04333] Single Buffer requirement not met.
display  D   display_settings.c:202  debug_display_settings           [   0.04334] color: 16 (rgba 5650), depth: 0, stencil: 0, acc: 0000, samples: 5/1
display  D   display_settings.c:388  _al_score_display_settings       [   0.04336] Single Buffer requirement not met.
display  D   display_settings.c:202  debug_display_settings           [   0.04338] color: 16 (rgba 5650), depth: 0, stencil: 0, acc: 0000, samples: 6/1
display  D   display_settings.c:388  _al_score_display_settings       [   0.04340] Single Buffer requirement not met.
display  D   display_settings.c:202  debug_display_settings           [   0.04342] color: 16 (rgba 5650), depth: 0, stencil: 0, acc: 0000, samples: 7/1
display  D   display_settings.c:388  _al_score_display_settings       [   0.04344] Single Buffer requirement not met.
display  D   display_settings.c:202  debug_display_settings           [   0.04345] color: 16 (rgba 5650), depth: 0, stencil: 0, acc: 0000, samples: 8/1
display  D   display_settings.c:388  _al_score_display_settings       [   0.04348] Single Buffer requirement not met.
display  D   display_settings.c:202  debug_display_settings           [   0.04349] color: 16 (rgba 5650), depth: 24, stencil: 8, acc: 0000, samples: 0/0
display  D   display_settings.c:388  _al_score_display_settings       [   0.04351] Single Buffer requirement not met.
display  D   display_settings.c:202  debug_display_settings           [   0.04353] color: 16 (rgba 5650), depth: 24, stencil: 8, acc: 0000, samples: 0/0
display  D   display_settings.c:388  _al_score_display_settings       [   0.04355] Single Buffer requirement not met.
display  D   display_settings.c:202  debug_display_settings           [   0.04357] color: 16 (rgba 5650), depth: 24, stencil: 8, acc: 0000, samples: 2/1
display  D   display_settings.c:388  _al_score_display_settings       [   0.04359] Single Buffer requirement not met.
display  D   display_settings.c:202  debug_display_settings           [   0.04360] color: 16 (rgba 5650), depth: 24, stencil: 8, acc: 0000, samples: 3/1
display  D   display_settings.c:388  _al_score_display_settings       [   0.04363] Single Buffer requirement not met.
display  D   display_settings.c:202  debug_display_settings           [   0.04364] color: 16 (rgba 5650), depth: 24, stencil: 8, acc: 0000, samples: 4/1
display  D   display_settings.c:388  _al_score_display_settings       [   0.04366] Single Buffer requirement not met.
display  D   display_settings.c:202  debug_display_settings           [   0.04368] color: 16 (rgba 5650), depth: 24, stencil: 8, acc: 0000, samples: 5/1
display  D   display_settings.c:388  _al_score_display_settings       [   0.04371] Single Buffer requirement not met.
display  D   display_settings.c:202  debug_display_settings           [   0.04373] color: 16 (rgba 5650), depth: 24, stencil: 8, acc: 0000, samples: 6/1
display  D   display_settings.c:388  _al_score_display_settings       [   0.04375] Single Buffer requirement not met.
display  D   display_settings.c:202  debug_display_settings           [   0.04376] color: 16 (rgba 5650), depth: 24, stencil: 8, acc: 0000, samples: 7/1
display  D   display_settings.c:388  _al_score_display_settings       [   0.04378] Single Buffer requirement not met.
display  D   display_settings.c:202  debug_display_settings           [   0.04380] color: 16 (rgba 5650), depth: 24, stencil: 8, acc: 0000, samples: 8/1
display  D   display_settings.c:388  _al_score_display_settings       [   0.04382] Single Buffer requirement not met.
display  D   display_settings.c:202  debug_display_settings           [   0.04384] color: 16 (rgba 5650), depth: 24, stencil: 0, acc: 0000, samples: 0/0
display  D   display_settings.c:388  _al_score_display_settings       [   0.04386] Single Buffer requirement not met.
display  D   display_settings.c:202  debug_display_settings           [   0.04387] color: 16 (rgba 5650), depth: 24, stencil: 0, acc: 0000, samples: 0/0
display  D   display_settings.c:388  _al_score_display_settings       [   0.04389] Single Buffer requirement not met.
display  D   display_settings.c:202  debug_display_settings           [   0.04391] color: 16 (rgba 5650), depth: 24, stencil: 0, acc: 0000, samples: 2/1
display  D   display_settings.c:388  _al_score_display_settings       [   0.04393] Single Buffer requirement not met.
display  D   display_settings.c:202  debug_display_settings           [   0.04394] color: 16 (rgba 5650), depth: 24, stencil: 0, acc: 0000, samples: 3/1
display  D   display_settings.c:388  _al_score_display_settings       [   0.04396] Single Buffer requirement not met.
display  D   display_settings.c:202  debug_display_settings           [   0.04398] color: 16 (rgba 5650), depth: 24, stencil: 0, acc: 0000, samples: 4/1
display  D   display_settings.c:388  _al_score_display_settings       [   0.04400] Single Buffer requirement not met.
display  D   display_settings.c:202  debug_display_settings           [   0.04402] color: 16 (rgba 5650), depth: 24, stencil: 0, acc: 0000, samples: 5/1
display  D   display_settings.c:388  _al_score_display_settings       [   0.04404] Single Buffer requirement not met.
display  D   display_settings.c:202  debug_display_settings           [   0.04405] color: 16 (rgba 5650), depth: 24, stencil: 0, acc: 0000, samples: 6/1
display  D   display_settings.c:388  _al_score_display_settings       [   0.04407] Single Buffer requirement not met.
display  D   display_settings.c:202  debug_display_settings           [   0.04409] color: 16 (rgba 5650), depth: 24, stencil: 0, acc: 0000, samples: 7/1
display  D   display_settings.c:388  _al_score_display_settings       [   0.04411] Single Buffer requirement not met.
display  D   display_settings.c:202  debug_display_settings           [   0.04413] color: 16 (rgba 5650), depth: 24, stencil: 0, acc: 0000, samples: 8/1
display  D   display_settings.c:388  _al_score_display_settings       [   0.04415] Single Buffer requirement not met.
display  D   display_settings.c:202  debug_display_settings           [   0.04416] color: 16 (rgba 5650), depth: 16, stencil: 0, acc: 0000, samples: 0/0
display  D   display_settings.c:388  _al_score_display_settings       [   0.04418] Single Buffer requirement not met.
display  D   display_settings.c:202  debug_display_settings           [   0.04420] color: 16 (rgba 5650), depth: 16, stencil: 0, acc: 0000, samples: 0/0
display  D   display_settings.c:388  _al_score_display_settings       [   0.04422] Single Buffer requirement not met.
display  D   display_settings.c:202  debug_display_settings           [   0.04424] color: 16 (rgba 5650), depth: 16, stencil: 0, acc: 0000, samples: 2/1
display  D   display_settings.c:388  _al_score_display_settings       [   0.04426] Single Buffer requirement not met.
display  D   display_settings.c:202  debug_display_settings           [   0.04427] color: 16 (rgba 5650), depth: 16, stencil: 0, acc: 0000, samples: 3/1
display  D   display_settings.c:388  _al_score_display_settings       [   0.04429] Single Buffer requirement not met.
display  D   display_settings.c:202  debug_display_settings           [   0.04431] color: 16 (rgba 5650), depth: 16, stencil: 0, acc: 0000, samples: 4/1
display  D   display_settings.c:388  _al_score_display_settings       [   0.04433] Single Buffer requirement not met.
display  D   display_settings.c:202  debug_display_settings           [   0.04435] color: 16 (rgba 5650), depth: 16, stencil: 0, acc: 0000, samples: 5/1
display  D   display_settings.c:388  _al_score_display_settings       [   0.04437] Single Buffer requirement not met.
display  D   display_settings.c:202  debug_display_settings           [   0.04438] color: 16 (rgba 5650), depth: 16, stencil: 0, acc: 0000, samples: 6/1
display  D   display_settings.c:388  _al_score_display_settings       [   0.04440] Single Buffer requirement not met.
display  D   display_settings.c:202  debug_display_settings           [   0.04442] color: 16 (rgba 5650), depth: 16, stencil: 0, acc: 0000, samples: 7/1
display  D   display_settings.c:388  _al_score_display_settings       [   0.04444] Single Buffer requirement not met.
display  D   display_settings.c:202  debug_display_settings           [   0.04446] color: 16 (rgba 5650), depth: 16, stencil: 0, acc: 0000, samples: 8/1
display  D   display_settings.c:388  _al_score_display_settings       [   0.04448] Single Buffer requirement not met.
display  D   display_settings.c:202  debug_display_settings           [   0.04449] color: 32 (rgba 8880), depth: 0, stencil: 0, acc: 0000, samples: 0/0
display  D   display_settings.c:517  _al_score_display_settings       [   0.04451] Score is : 769
display  D   display_settings.c:202  debug_display_settings           [   0.04453] color: 32 (rgba 8880), depth: 0, stencil: 0, acc: 0000, samples: 0/0
display  D   display_settings.c:517  _al_score_display_settings       [   0.04455] Score is : 769
display  D   display_settings.c:202  debug_display_settings           [   0.04456] color: 32 (rgba 8880), depth: 0, stencil: 0, acc: 0000, samples: 2/1
display  D   display_settings.c:517  _al_score_display_settings       [   0.04458] Score is : 598
display  D   display_settings.c:202  debug_display_settings           [   0.04460] color: 32 (rgba 8880), depth: 0, stencil: 0, acc: 0000, samples: 3/1
display  D   display_settings.c:517  _al_score_display_settings       [   0.04462] Score is : 593
display  D   display_settings.c:202  debug_display_settings           [   0.04463] color: 32 (rgba 8880), depth: 0, stencil: 0, acc: 0000, samples: 4/1
display  D   display_settings.c:517  _al_score_display_settings       [   0.04465] Score is : 589
display  D   display_settings.c:202  debug_display_settings           [   0.04467] color: 32 (rgba 8880), depth: 0, stencil: 0, acc: 0000, samples: 5/1
display  D   display_settings.c:517  _al_score_display_settings       [   0.04469] Score is : 587
display  D   display_settings.c:202  debug_display_settings           [   0.04470] color: 32 (rgba 8880), depth: 0, stencil: 0, acc: 0000, samples: 6/1
display  D   display_settings.c:517  _al_score_display_settings       [   0.04473] Score is : 586
display  D   display_settings.c:202  debug_display_settings           [   0.04474] color: 32 (rgba 8880), depth: 0, stencil: 0, acc: 0000, samples: 7/1
display  D   display_settings.c:517  _al_score_display_settings       [   0.04476] Score is : 585
display  D   display_settings.c:202  debug_display_settings           [   0.04478] color: 32 (rgba 8880), depth: 0, stencil: 0, acc: 0000, samples: 8/1
display  D   display_settings.c:517  _al_score_display_settings       [   0.04480] Score is : 584
display  D   display_settings.c:202  debug_display_settings           [   0.04481] color: 32 (rgba 8880), depth: 24, stencil: 8, acc: 0000, samples: 0/0
display  D   display_settings.c:517  _al_score_display_settings       [   0.04483] Score is : 769
display  D   display_settings.c:202  debug_display_settings           [   0.04485] color: 32 (rgba 8880), depth: 24, stencil: 8, acc: 0000, samples: 0/0
display  D   display_settings.c:517  _al_score_display_settings       [   0.04487] Score is : 769
display  D   display_settings.c:202  debug_display_settings           [   0.04489] color: 32 (rgba 8880), depth: 24, stencil: 8, acc: 0000, samples: 2/1
display  D   display_settings.c:517  _al_score_display_settings       [   0.04491] Score is : 598
display  D   display_settings.c:202  debug_display_settings           [   0.04492] color: 32 (rgba 8880), depth: 24, stencil: 8, acc: 0000, samples: 3/1
display  D   display_settings.c:517  _al_score_display_settings       [   0.04494] Score is : 593
display  D   display_settings.c:202  debug_display_settings           [   0.04496] color: 32 (rgba 8880), depth: 24, stencil: 8, acc: 0000, samples: 4/1
display  D   display_settings.c:517  _al_score_display_settings       [   0.04498] Score is : 589
display  D   display_settings.c:202  debug_display_settings           [   0.04499] color: 32 (rgba 8880), depth: 24, stencil: 8, acc: 0000, samples: 5/1
display  D   display_settings.c:517  _al_score_display_settings       [   0.04501] Score is : 587
display  D   display_settings.c:202  debug_display_settings           [   0.04503] color: 32 (rgba 8880), depth: 24, stencil: 8, acc: 0000, samples: 6/1
display  D   display_settings.c:517  _al_score_display_settings       [   0.04505] Score is : 586
display  D   display_settings.c:202  debug_display_settings           [   0.04506] color: 32 (rgba 8880), depth: 24, stencil: 8, acc: 0000, samples: 7/1
display  D   display_settings.c:517  _al_score_display_settings       [   0.04508] Score is : 585
display  D   display_settings.c:202  debug_display_settings           [   0.04510] color: 32 (rgba 8880), depth: 24, stencil: 8, acc: 0000, samples: 8/1
display  D   display_settings.c:517  _al_score_display_settings       [   0.04512] Score is : 584
display  D   display_settings.c:202  debug_display_settings           [   0.04513] color: 32 (rgba 8880), depth: 24, stencil: 0, acc: 0000, samples: 0/0
display  D   display_settings.c:517  _al_score_display_settings       [   0.04515] Score is : 769
display  D   display_settings.c:202  debug_display_settings           [   0.04517] color: 32 (rgba 8880), depth: 24, stencil: 0, acc: 0000, samples: 0/0
display  D   display_settings.c:517  _al_score_display_settings       [   0.04519] Score is : 769
display  D   display_settings.c:202  debug_display_settings           [   0.04522] color: 32 (rgba 8880), depth: 24, stencil: 0, acc: 0000, samples: 2/1
display  D   display_settings.c:517  _al_score_display_settings       [   0.04525] Score is : 598
display  D   display_settings.c:202  debug_display_settings           [   0.04527] color: 32 (rgba 8880), depth: 24, stencil: 0, acc: 0000, samples: 3/1
display  D   display_settings.c:517  _al_score_display_settings       [   0.04529] Score is : 593
display  D   display_settings.c:202  debug_display_settings           [   0.04530] color: 32 (rgba 8880), depth: 24, stencil: 0, acc: 0000, samples: 4/1
display  D   display_settings.c:517  _al_score_display_settings       [   0.04534] Score is : 589
display  D   display_settings.c:202  debug_display_settings           [   0.04536] color: 32 (rgba 8880), depth: 24, stencil: 0, acc: 0000, samples: 5/1
display  D   display_settings.c:517  _al_score_display_settings       [   0.04541] Score is : 587
display  D   display_settings.c:202  debug_display_settings           [   0.04544] color: 32 (rgba 8880), depth: 24, stencil: 0, acc: 0000, samples: 6/1
display  D   display_settings.c:517  _al_score_display_settings       [   0.04548] Score is : 586
display  D   display_settings.c:202  debug_display_settings           [   0.04549] color: 32 (rgba 8880), depth: 24, stencil: 0, acc: 0000, samples: 7/1
display  D   display_settings.c:517  _al_score_display_settings       [   0.04552] Score is : 585
display  D   display_settings.c:202  debug_display_settings           [   0.04553] color: 32 (rgba 8880), depth: 24, stencil: 0, acc: 0000, samples: 8/1
display  D   display_settings.c:517  _al_score_display_settings       [   0.04557] Score is : 584
display  D   display_settings.c:202  debug_display_settings           [   0.04561] color: 32 (rgba 8880), depth: 16, stencil: 0, acc: 0000, samples: 0/0
display  D   display_settings.c:517  _al_score_display_settings       [   0.04565] Score is : 769
display  D   display_settings.c:202  debug_display_settings           [   0.04566] color: 32 (rgba 8880), depth: 16, stencil: 0, acc: 0000, samples: 0/0
display  D   display_settings.c:517  _al_score_display_settings       [   0.04569] Score is : 769
display  D   display_settings.c:202  debug_display_settings           [   0.04570] color: 32 (rgba 8880), depth: 16, stencil: 0, acc: 0000, samples: 2/1
display  D   display_settings.c:517  _al_score_display_settings       [   0.04572] Score is : 598
display  D   display_settings.c:202  debug_display_settings           [   0.04574] color: 32 (rgba 8880), depth: 16, stencil: 0, acc: 0000, samples: 3/1
display  D   display_settings.c:517  _al_score_display_settings       [   0.04576] Score is : 593
display  D   display_settings.c:202  debug_display_settings           [   0.04578] color: 32 (rgba 8880), depth: 16, stencil: 0, acc: 0000, samples: 4/1
display  D   display_settings.c:517  _al_score_display_settings       [   0.04580] Score is : 589
display  D   display_settings.c:202  debug_display_settings           [   0.04581] color: 32 (rgba 8880), depth: 16, stencil: 0, acc: 0000, samples: 5/1
display  D   display_settings.c:517  _al_score_display_settings       [   0.04584] Score is : 587
display  D   display_settings.c:202  debug_display_settings           [   0.04585] color: 32 (rgba 8880), depth: 16, stencil: 0, acc: 0000, samples: 6/1
display  D   display_settings.c:517  _al_score_display_settings       [   0.04587] Score is : 586
display  D   display_settings.c:202  debug_display_settings           [   0.04589] color: 32 (rgba 8880), depth: 16, stencil: 0, acc: 0000, samples: 7/1
display  D   display_settings.c:517  _al_score_display_settings       [   0.04591] Score is : 585
display  D   display_settings.c:202  debug_display_settings           [   0.04593] color: 32 (rgba 8880), depth: 16, stencil: 0, acc: 0000, samples: 8/1
display  D   display_settings.c:517  _al_score_display_settings       [   0.04595] Score is : 584
display  D   display_settings.c:202  debug_display_settings           [   0.04596] color: 16 (rgba 5650), depth: 0, stencil: 0, acc: 0000, samples: 0/0
display  D   display_settings.c:517  _al_score_display_settings       [   0.04599] Score is : 769
display  D   display_settings.c:202  debug_display_settings           [   0.04600] color: 16 (rgba 5650), depth: 0, stencil: 0, acc: 0000, samples: 0/0
display  D   display_settings.c:517  _al_score_display_settings       [   0.04602] Score is : 769
display  D   display_settings.c:202  debug_display_settings           [   0.04604] color: 16 (rgba 5650), depth: 0, stencil: 0, acc: 0000, samples: 2/1
display  D   display_settings.c:517  _al_score_display_settings       [   0.04606] Score is : 598
display  D   display_settings.c:202  debug_display_settings           [   0.04608] color: 16 (rgba 5650), depth: 0, stencil: 0, acc: 0000, samples: 3/1
display  D   display_settings.c:517  _al_score_display_settings       [   0.04611] Score is : 593
display  D   display_settings.c:202  debug_display_settings           [   0.04612] color: 16 (rgba 5650), depth: 0, stencil: 0, acc: 0000, samples: 4/1
display  D   display_settings.c:517  _al_score_display_settings       [   0.04615] Score is : 589
display  D   display_settings.c:202  debug_display_settings           [   0.04616] color: 16 (rgba 5650), depth: 0, stencil: 0, acc: 0000, samples: 5/1
display  D   display_settings.c:517  _al_score_display_settings       [   0.04618] Score is : 587
display  D   display_settings.c:202  debug_display_settings           [   0.04620] color: 16 (rgba 5650), depth: 0, stencil: 0, acc: 0000, samples: 6/1
display  D   display_settings.c:517  _al_score_display_settings       [   0.04622] Score is : 586
display  D   display_settings.c:202  debug_display_settings           [   0.04624] color: 16 (rgba 5650), depth: 0, stencil: 0, acc: 0000, samples: 7/1
display  D   display_settings.c:517  _al_score_display_settings       [   0.04626] Score is : 585
display  D   display_settings.c:202  debug_display_settings           [   0.04627] color: 16 (rgba 5650), depth: 0, stencil: 0, acc: 0000, samples: 8/1
display  D   display_settings.c:517  _al_score_display_settings       [   0.04630] Score is : 584
display  D   display_settings.c:202  debug_display_settings           [   0.04631] color: 16 (rgba 5650), depth: 24, stencil: 8, acc: 0000, samples: 0/0
display  D   display_settings.c:517  _al_score_display_settings       [   0.04633] Score is : 769
display  D   display_settings.c:202  debug_display_settings           [   0.04636] color: 16 (rgba 5650), depth: 24, stencil: 8, acc: 0000, samples: 0/0
display  D   display_settings.c:517  _al_score_display_settings       [   0.04638] Score is : 769
display  D   display_settings.c:202  debug_display_settings           [   0.04639] color: 16 (rgba 5650), depth: 24, stencil: 8, acc: 0000, samples: 2/1
display  D   display_settings.c:517  _al_score_display_settings       [   0.04642] Score is : 598
display  D   display_settings.c:202  debug_display_settings           [   0.04643] color: 16 (rgba 5650), depth: 24, stencil: 8, acc: 0000, samples: 3/1
display  D   display_settings.c:517  _al_score_display_settings       [   0.04645] Score is : 593
display  D   display_settings.c:202  debug_display_settings           [   0.04647] color: 16 (rgba 5650), depth: 24, stencil: 8, acc: 0000, samples: 4/1
display  D   display_settings.c:517  _al_score_display_settings       [   0.04649] Score is : 589
display  D   display_settings.c:202  debug_display_settings           [   0.04651] color: 16 (rgba 5650), depth: 24, stencil: 8, acc: 0000, samples: 5/1
display  D   display_settings.c:517  _al_score_display_settings       [   0.04653] Score is : 587
display  D   display_settings.c:202  debug_display_settings           [   0.04655] color: 16 (rgba 5650), depth: 24, stencil: 8, acc: 0000, samples: 6/1
display  D   display_settings.c:517  _al_score_display_settings       [   0.04657] Score is : 586
display  D   display_settings.c:202  debug_display_settings           [   0.04658] color: 16 (rgba 5650), depth: 24, stencil: 8, acc: 0000, samples: 7/1
display  D   display_settings.c:517  _al_score_display_settings       [   0.04661] Score is : 585
display  D   display_settings.c:202  debug_display_settings           [   0.04662] color: 16 (rgba 5650), depth: 24, stencil: 8, acc: 0000, samples: 8/1
display  D   display_settings.c:517  _al_score_display_settings       [   0.04664] Score is : 584
display  D   display_settings.c:202  debug_display_settings           [   0.04666] color: 16 (rgba 5650), depth: 24, stencil: 0, acc: 0000, samples: 0/0
display  D   display_settings.c:517  _al_score_display_settings       [   0.04668] Score is : 769
display  D   display_settings.c:202  debug_display_settings           [   0.04670] color: 16 (rgba 5650), depth: 24, stencil: 0, acc: 0000, samples: 0/0
display  D   display_settings.c:517  _al_score_display_settings       [   0.04672] Score is : 769
display  D   display_settings.c:202  debug_display_settings           [   0.04674] color: 16 (rgba 5650), depth: 24, stencil: 0, acc: 0000, samples: 2/1
display  D   display_settings.c:517  _al_score_display_settings       [   0.04676] Score is : 598
display  D   display_settings.c:202  debug_display_settings           [   0.04678] color: 16 (rgba 5650), depth: 24, stencil: 0, acc: 0000, samples: 3/1
display  D   display_settings.c:517  _al_score_display_settings       [   0.04680] Score is : 593
display  D   display_settings.c:202  debug_display_settings           [   0.04681] color: 16 (rgba 5650), depth: 24, stencil: 0, acc: 0000, samples: 4/1
display  D   display_settings.c:517  _al_score_display_settings       [   0.04684] Score is : 589
display  D   display_settings.c:202  debug_display_settings           [   0.04685] color: 16 (rgba 5650), depth: 24, stencil: 0, acc: 0000, samples: 5/1
display  D   display_settings.c:517  _al_score_display_settings       [   0.04687] Score is : 587
display  D   display_settings.c:202  debug_display_settings           [   0.04689] color: 16 (rgba 5650), depth: 24, stencil: 0, acc: 0000, samples: 6/1
display  D   display_settings.c:517  _al_score_display_settings       [   0.04691] Score is : 586
display  D   display_settings.c:202  debug_display_settings           [   0.04693] color: 16 (rgba 5650), depth: 24, stencil: 0, acc: 0000, samples: 7/1
display  D   display_settings.c:517  _al_score_display_settings       [   0.04695] Score is : 585
display  D   display_settings.c:202  debug_display_settings           [   0.04696] color: 16 (rgba 5650), depth: 24, stencil: 0, acc: 0000, samples: 8/1
display  D   display_settings.c:517  _al_score_display_settings       [   0.04699] Score is : 584
display  D   display_settings.c:202  debug_display_settings           [   0.04700] color: 16 (rgba 5650), depth: 16, stencil: 0, acc: 0000, samples: 0/0
display  D   display_settings.c:517  _al_score_display_settings       [   0.04703] Score is : 769
display  D   display_settings.c:202  debug_display_settings           [   0.04704] color: 16 (rgba 5650), depth: 16, stencil: 0, acc: 0000, samples: 0/0
display  D   display_settings.c:517  _al_score_display_settings       [   0.04706] Score is : 769
display  D   display_settings.c:202  debug_display_settings           [   0.04708] color: 16 (rgba 5650), depth: 16, stencil: 0, acc: 0000, samples: 2/1
display  D   display_settings.c:517  _al_score_display_settings       [   0.04710] Score is : 598
display  D   display_settings.c:202  debug_display_settings           [   0.04712] color: 16 (rgba 5650), depth: 16, stencil: 0, acc: 0000, samples: 3/1
display  D   display_settings.c:517  _al_score_display_settings       [   0.04714] Score is : 593
display  D   display_settings.c:202  debug_display_settings           [   0.04715] color: 16 (rgba 5650), depth: 16, stencil: 0, acc: 0000, samples: 4/1
display  D   display_settings.c:517  _al_score_display_settings       [   0.04718] Score is : 589
display  D   display_settings.c:202  debug_display_settings           [   0.04719] color: 16 (rgba 5650), depth: 16, stencil: 0, acc: 0000, samples: 5/1
display  D   display_settings.c:517  _al_score_display_settings       [   0.04722] Score is : 587
display  D   display_settings.c:202  debug_display_settings           [   0.04724] color: 16 (rgba 5650), depth: 16, stencil: 0, acc: 0000, samples: 6/1
display  D   display_settings.c:517  _al_score_display_settings       [   0.04726] Score is : 586
display  D   display_settings.c:202  debug_display_settings           [   0.04728] color: 16 (rgba 5650), depth: 16, stencil: 0, acc: 0000, samples: 7/1
display  D   display_settings.c:517  _al_score_display_settings       [   0.04730] Score is : 585
display  D   display_settings.c:202  debug_display_settings           [   0.04731] color: 16 (rgba 5650), depth: 16, stencil: 0, acc: 0000, samples: 8/1
display  D   display_settings.c:517  _al_score_display_settings       [   0.04734] Score is : 584
display  D   display_settings.c:202  debug_display_settings           [   0.04735] color: 32 (rgba 8880), depth: 0, stencil: 0, acc: 0000, samples: 0/0
display  D   display_settings.c:388  _al_score_display_settings       [   0.04738] Single Buffer requirement not met.
display  D   display_settings.c:202  debug_display_settings           [   0.04739] color: 32 (rgba 8880), depth: 0, stencil: 0, acc: 0000, samples: 0/0
display  D   display_settings.c:388  _al_score_display_settings       [   0.04741] Single Buffer requirement not met.
display  D   display_settings.c:202  debug_display_settings           [   0.04743] color: 32 (rgba 8880), depth: 0, stencil: 0, acc: 0000, samples: 2/1
display  D   display_settings.c:388  _al_score_display_settings       [   0.04745] Single Buffer requirement not met.
display  D   display_settings.c:202  debug_display_settings           [   0.04747] color: 32 (rgba 8880), depth: 0, stencil: 0, acc: 0000, samples: 3/1
display  D   display_settings.c:388  _al_score_display_settings       [   0.04749] Single Buffer requirement not met.
display  D   display_settings.c:202  debug_display_settings           [   0.04751] color: 32 (rgba 8880), depth: 0, stencil: 0, acc: 0000, samples: 4/1
display  D   display_settings.c:388  _al_score_display_settings       [   0.04753] Single Buffer requirement not met.
display  D   display_settings.c:202  debug_display_settings           [   0.04755] color: 32 (rgba 8880), depth: 0, stencil: 0, acc: 0000, samples: 5/1
display  D   display_settings.c:388  _al_score_display_settings       [   0.04757] Single Buffer requirement not met.
display  D   display_settings.c:202  debug_display_settings           [   0.04758] color: 32 (rgba 8880), depth: 0, stencil: 0, acc: 0000, samples: 6/1
display  D   display_settings.c:388  _al_score_display_settings       [   0.04761] Single Buffer requirement not met.
display  D   display_settings.c:202  debug_display_settings           [   0.04762] color: 32 (rgba 8880), depth: 0, stencil: 0, acc: 0000, samples: 7/1
display  D   display_settings.c:388  _al_score_display_settings       [   0.04764] Single Buffer requirement not met.
display  D   display_settings.c:202  debug_display_settings           [   0.04766] color: 32 (rgba 8880), depth: 0, stencil: 0, acc: 0000, samples: 8/1
display  D   display_settings.c:388  _al_score_display_settings       [   0.04768] Single Buffer requirement not met.
display  D   display_settings.c:202  debug_display_settings           [   0.04770] color: 32 (rgba 8880), depth: 24, stencil: 8, acc: 0000, samples: 0/0
display  D   display_settings.c:388  _al_score_display_settings       [   0.04772] Single Buffer requirement not met.
display  D   display_settings.c:202  debug_display_settings           [   0.04774] color: 32 (rgba 8880), depth: 24, stencil: 8, acc: 0000, samples: 0/0
display  D   display_settings.c:388  _al_score_display_settings       [   0.04776] Single Buffer requirement not met.
display  D   display_settings.c:202  debug_display_settings           [   0.04778] color: 32 (rgba 8880), depth: 24, stencil: 8, acc: 0000, samples: 2/1
display  D   display_settings.c:388  _al_score_display_settings       [   0.04780] Single Buffer requirement not met.
display  D   display_settings.c:202  debug_display_settings           [   0.04781] color: 32 (rgba 8880), depth: 24, stencil: 8, acc: 0000, samples: 3/1
display  D   display_settings.c:388  _al_score_display_settings       [   0.04784] Single Buffer requirement not met.
display  D   display_settings.c:202  debug_display_settings           [   0.04785] color: 32 (rgba 8880), depth: 24, stencil: 8, acc: 0000, samples: 4/1
display  D   display_settings.c:388  _al_score_display_settings       [   0.04787] Single Buffer requirement not met.
display  D   display_settings.c:202  debug_display_settings           [   0.04789] color: 32 (rgba 8880), depth: 24, stencil: 8, acc: 0000, samples: 5/1
display  D   display_settings.c:388  _al_score_display_settings       [   0.04791] Single Buffer requirement not met.
display  D   display_settings.c:202  debug_display_settings           [   0.04793] color: 32 (rgba 8880), depth: 24, stencil: 8, acc: 0000, samples: 6/1
display  D   display_settings.c:388  _al_score_display_settings       [   0.04795] Single Buffer requirement not met.
display  D   display_settings.c:202  debug_display_settings           [   0.04797] color: 32 (rgba 8880), depth: 24, stencil: 8, acc: 0000, samples: 7/1
display  D   display_settings.c:388  _al_score_display_settings       [   0.04799] Single Buffer requirement not met.
display  D   display_settings.c:202  debug_display_settings           [   0.04801] color: 32 (rgba 8880), depth: 24, stencil: 8, acc: 0000, samples: 8/1
display  D   display_settings.c:388  _al_score_display_settings       [   0.04803] Single Buffer requirement not met.
display  D   display_settings.c:202  debug_display_settings           [   0.04805] color: 32 (rgba 8880), depth: 24, stencil: 0, acc: 0000, samples: 0/0
display  D   display_settings.c:388  _al_score_display_settings       [   0.04807] Single Buffer requirement not met.
display  D   display_settings.c:202  debug_display_settings           [   0.04809] color: 32 (rgba 8880), depth: 24, stencil: 0, acc: 0000, samples: 0/0
display  D   display_settings.c:388  _al_score_display_settings       [   0.04811] Single Buffer requirement not met.
display  D   display_settings.c:202  debug_display_settings           [   0.04812] color: 32 (rgba 8880), depth: 24, stencil: 0, acc: 0000, samples: 2/1
display  D   display_settings.c:388  _al_score_display_settings       [   0.04815] Single Buffer requirement not met.
display  D   display_settings.c:202  debug_display_settings           [   0.04816] color: 32 (rgba 8880), depth: 24, stencil: 0, acc: 0000, samples: 3/1
display  D   display_settings.c:388  _al_score_display_settings       [   0.04818] Single Buffer requirement not met.
display  D   display_settings.c:202  debug_display_settings           [   0.04820] color: 32 (rgba 8880), depth: 24, stencil: 0, acc: 0000, samples: 4/1
display  D   display_settings.c:388  _al_score_display_settings       [   0.04823] Single Buffer requirement not met.
display  D   display_settings.c:202  debug_display_settings           [   0.04824] color: 32 (rgba 8880), depth: 24, stencil: 0, acc: 0000, samples: 5/1
display  D   display_settings.c:388  _al_score_display_settings       [   0.04827] Single Buffer requirement not met.
display  D   display_settings.c:202  debug_display_settings           [   0.04828] color: 32 (rgba 8880), depth: 24, stencil: 0, acc: 0000, samples: 6/1
display  D   display_settings.c:388  _al_score_display_settings       [   0.04830] Single Buffer requirement not met.
display  D   display_settings.c:202  debug_display_settings           [   0.04832] color: 32 (rgba 8880), depth: 24, stencil: 0, acc: 0000, samples: 7/1
display  D   display_settings.c:388  _al_score_display_settings       [   0.04834] Single Buffer requirement not met.
display  D   display_settings.c:202  debug_display_settings           [   0.04836] color: 32 (rgba 8880), depth: 24, stencil: 0, acc: 0000, samples: 8/1
display  D   display_settings.c:388  _al_score_display_settings       [   0.04838] Single Buffer requirement not met.
display  D   display_settings.c:202  debug_display_settings           [   0.04840] color: 32 (rgba 8880), depth: 16, stencil: 0, acc: 0000, samples: 0/0
display  D   display_settings.c:388  _al_score_display_settings       [   0.04842] Single Buffer requirement not met.
display  D   display_settings.c:202  debug_display_settings           [   0.04843] color: 32 (rgba 8880), depth: 16, stencil: 0, acc: 0000, samples: 0/0
display  D   display_settings.c:388  _al_score_display_settings       [   0.04846] Single Buffer requirement not met.
display  D   display_settings.c:202  debug_display_settings           [   0.04847] color: 32 (rgba 8880), depth: 16, stencil: 0, acc: 0000, samples: 2/1
display  D   display_settings.c:388  _al_score_display_settings       [   0.04849] Single Buffer requirement not met.
display  D   display_settings.c:202  debug_display_settings           [   0.04854] color: 32 (rgba 8880), depth: 16, stencil: 0, acc: 0000, samples: 3/1
display  D   display_settings.c:388  _al_score_display_settings       [   0.04856] Single Buffer requirement not met.
display  D   display_settings.c:202  debug_display_settings           [   0.04858] color: 32 (rgba 8880), depth: 16, stencil: 0, acc: 0000, samples: 4/1
display  D   display_settings.c:388  _al_score_display_settings       [   0.04860] Single Buffer requirement not met.
display  D   display_settings.c:202  debug_display_settings           [   0.04862] color: 32 (rgba 8880), depth: 16, stencil: 0, acc: 0000, samples: 5/1
display  D   display_settings.c:388  _al_score_display_settings       [   0.04864] Single Buffer requirement not met.
display  D   display_settings.c:202  debug_display_settings           [   0.04866] color: 32 (rgba 8880), depth: 16, stencil: 0, acc: 0000, samples: 6/1
display  D   display_settings.c:388  _al_score_display_settings       [   0.04868] Single Buffer requirement not met.
display  D   display_settings.c:202  debug_display_settings           [   0.04870] color: 32 (rgba 8880), depth: 16, stencil: 0, acc: 0000, samples: 7/1
display  D   display_settings.c:388  _al_score_display_settings       [   0.04872] Single Buffer requirement not met.
display  D   display_settings.c:202  debug_display_settings           [   0.04874] color: 32 (rgba 8880), depth: 16, stencil: 0, acc: 0000, samples: 8/1
display  D   display_settings.c:388  _al_score_display_settings       [   0.04876] Single Buffer requirement not met.
display  D   display_settings.c:202  debug_display_settings           [   0.04877] color: 16 (rgba 5650), depth: 0, stencil: 0, acc: 0000, samples: 0/0
display  D   display_settings.c:388  _al_score_display_settings       [   0.04880] Single Buffer requirement not met.
display  D   display_settings.c:202  debug_display_settings           [   0.04881] color: 16 (rgba 5650), depth: 0, stencil: 0, acc: 0000, samples: 0/0
display  D   display_settings.c:388  _al_score_display_settings       [   0.04883] Single Buffer requirement not met.
display  D   display_settings.c:202  debug_display_settings           [   0.04885] color: 16 (rgba 5650), depth: 0, stencil: 0, acc: 0000, samples: 2/1
display  D   display_settings.c:388  _al_score_display_settings       [   0.04887] Single Buffer requirement not met.
display  D   display_settings.c:202  debug_display_settings           [   0.04889] color: 16 (rgba 5650), depth: 0, stencil: 0, acc: 0000, samples: 3/1
display  D   display_settings.c:388  _al_score_display_settings       [   0.04891] Single Buffer requirement not met.
display  D   display_settings.c:202  debug_display_settings           [   0.04893] color: 16 (rgba 5650), depth: 0, stencil: 0, acc: 0000, samples: 4/1
display  D   display_settings.c:388  _al_score_display_settings       [   0.04895] Single Buffer requirement not met.
display  D   display_settings.c:202  debug_display_settings           [   0.04897] color: 16 (rgba 5650), depth: 0, stencil: 0, acc: 0000, samples: 5/1
display  D   display_settings.c:388  _al_score_display_settings       [   0.04899] Single Buffer requirement not met.
display  D   display_settings.c:202  debug_display_settings           [   0.04900] color: 16 (rgba 5650), depth: 0, stencil: 0, acc: 0000, samples: 6/1
display  D   display_settings.c:388  _al_score_display_settings       [   0.04903] Single Buffer requirement not met.
display  D   display_settings.c:202  debug_display_settings           [   0.04904] color: 16 (rgba 5650), depth: 0, stencil: 0, acc: 0000, samples: 7/1
display  D   display_settings.c:388  _al_score_display_settings       [   0.04906] Single Buffer requirement not met.
display  D   display_settings.c:202  debug_display_settings           [   0.04908] color: 16 (rgba 5650), depth: 0, stencil: 0, acc: 0000, samples: 8/1
display  D   display_settings.c:388  _al_score_display_settings       [   0.04910] Single Buffer requirement not met.
display  D   display_settings.c:202  debug_display_settings           [   0.04914] color: 16 (rgba 5650), depth: 24, stencil: 8, acc: 0000, samples: 0/0
display  D   display_settings.c:388  _al_score_display_settings       [   0.04916] Single Buffer requirement not met.
display  D   display_settings.c:202  debug_display_settings           [   0.04918] color: 16 (rgba 5650), depth: 24, stencil: 8, acc: 0000, samples: 0/0
display  D   display_settings.c:388  _al_score_display_settings       [   0.04921] Single Buffer requirement not met.
display  D   display_settings.c:202  debug_display_settings           [   0.04922] color: 16 (rgba 5650), depth: 24, stencil: 8, acc: 0000, samples: 2/1
display  D   display_settings.c:388  _al_score_display_settings       [   0.04925] Single Buffer requirement not met.
display  D   display_settings.c:202  debug_display_settings           [   0.04926] color: 16 (rgba 5650), depth: 24, stencil: 8, acc: 0000, samples: 3/1
display  D   display_settings.c:388  _al_score_display_settings       [   0.04928] Single Buffer requirement not met.
display  D   display_settings.c:202  debug_display_settings           [   0.04930] color: 16 (rgba 5650), depth: 24, stencil: 8, acc: 0000, samples: 4/1
display  D   display_settings.c:388  _al_score_display_settings       [   0.04932] Single Buffer requirement not met.
display  D   display_settings.c:202  debug_display_settings           [   0.04934] color: 16 (rgba 5650), depth: 24, stencil: 8, acc: 0000, samples: 5/1
display  D   display_settings.c:388  _al_score_display_settings       [   0.04936] Single Buffer requirement not met.
display  D   display_settings.c:202  debug_display_settings           [   0.04938] color: 16 (rgba 5650), depth: 24, stencil: 8, acc: 0000, samples: 6/1
display  D   display_settings.c:388  _al_score_display_settings       [   0.04940] Single Buffer requirement not met.
display  D   display_settings.c:202  debug_display_settings           [   0.04942] color: 16 (rgba 5650), depth: 24, stencil: 8, acc: 0000, samples: 7/1
display  D   display_settings.c:388  _al_score_display_settings       [   0.04944] Single Buffer requirement not met.
display  D   display_settings.c:202  debug_display_settings           [   0.04945] color: 16 (rgba 5650), depth: 24, stencil: 8, acc: 0000, samples: 8/1
display  D   display_settings.c:388  _al_score_display_settings       [   0.04948] Single Buffer requirement not met.
display  D   display_settings.c:202  debug_display_settings           [   0.04949] color: 16 (rgba 5650), depth: 24, stencil: 0, acc: 0000, samples: 0/0
display  D   display_settings.c:388  _al_score_display_settings       [   0.04951] Single Buffer requirement not met.
display  D   display_settings.c:202  debug_display_settings           [   0.04953] color: 16 (rgba 5650), depth: 24, stencil: 0, acc: 0000, samples: 0/0
display  D   display_settings.c:388  _al_score_display_settings       [   0.04955] Single Buffer requirement not met.
display  D   display_settings.c:202  debug_display_settings           [   0.04957] color: 16 (rgba 5650), depth: 24, stencil: 0, acc: 0000, samples: 2/1
display  D   display_settings.c:388  _al_score_display_settings       [   0.04959] Single Buffer requirement not met.
display  D   display_settings.c:202  debug_display_settings           [   0.04961] color: 16 (rgba 5650), depth: 24, stencil: 0, acc: 0000, samples: 3/1
display  D   display_settings.c:388  _al_score_display_settings       [   0.04963] Single Buffer requirement not met.
display  D   display_settings.c:202  debug_display_settings           [   0.04965] color: 16 (rgba 5650), depth: 24, stencil: 0, acc: 0000, samples: 4/1
display  D   display_settings.c:388  _al_score_display_settings       [   0.04967] Single Buffer requirement not met.
display  D   display_settings.c:202  debug_display_settings           [   0.04968] color: 16 (rgba 5650), depth: 24, stencil: 0, acc: 0000, samples: 5/1
display  D   display_settings.c:388  _al_score_display_settings       [   0.04971] Single Buffer requirement not met.
display  D   display_settings.c:202  debug_display_settings           [   0.04975] color: 16 (rgba 5650), depth: 24, stencil: 0, acc: 0000, samples: 6/1
display  D   display_settings.c:388  _al_score_display_settings       [   0.04977] Single Buffer requirement not met.
display  D   display_settings.c:202  debug_display_settings           [   0.04979] color: 16 (rgba 5650), depth: 24, stencil: 0, acc: 0000, samples: 7/1
display  D   display_settings.c:388  _al_score_display_settings       [   0.04981] Single Buffer requirement not met.
display  D   display_settings.c:202  debug_display_settings           [   0.04983] color: 16 (rgba 5650), depth: 24, stencil: 0, acc: 0000, samples: 8/1
display  D   display_settings.c:388  _al_score_display_settings       [   0.04986] Single Buffer requirement not met.
display  D   display_settings.c:202  debug_display_settings           [   0.04987] color: 16 (rgba 5650), depth: 16, stencil: 0, acc: 0000, samples: 0/0
display  D   display_settings.c:388  _al_score_display_settings       [   0.04989] Single Buffer requirement not met.
display  D   display_settings.c:202  debug_display_settings           [   0.04991] color: 16 (rgba 5650), depth: 16, stencil: 0, acc: 0000, samples: 0/0
display  D   display_settings.c:388  _al_score_display_settings       [   0.04993] Single Buffer requirement not met.
display  D   display_settings.c:202  debug_display_settings           [   0.04996] color: 16 (rgba 5650), depth: 16, stencil: 0, acc: 0000, samples: 2/1
display  D   display_settings.c:388  _al_score_display_settings       [   0.04998] Single Buffer requirement not met.
display  D   display_settings.c:202  debug_display_settings           [   0.05000] color: 16 (rgba 5650), depth: 16, stencil: 0, acc: 0000, samples: 3/1
display  D   display_settings.c:388  _al_score_display_settings       [   0.05002] Single Buffer requirement not met.
display  D   display_settings.c:202  debug_display_settings           [   0.05004] color: 16 (rgba 5650), depth: 16, stencil: 0, acc: 0000, samples: 4/1
display  D   display_settings.c:388  _al_score_display_settings       [   0.05006] Single Buffer requirement not met.
display  D   display_settings.c:202  debug_display_settings           [   0.05008] color: 16 (rgba 5650), depth: 16, stencil: 0, acc: 0000, samples: 5/1
display  D   display_settings.c:388  _al_score_display_settings       [   0.05011] Single Buffer requirement not met.
display  D   display_settings.c:202  debug_display_settings           [   0.05013] color: 16 (rgba 5650), depth: 16, stencil: 0, acc: 0000, samples: 6/1
display  D   display_settings.c:388  _al_score_display_settings       [   0.05015] Single Buffer requirement not met.
display  D   display_settings.c:202  debug_display_settings           [   0.05016] color: 16 (rgba 5650), depth: 16, stencil: 0, acc: 0000, samples: 7/1
display  D   display_settings.c:388  _al_score_display_settings       [   0.05018] Single Buffer requirement not met.
display  D   display_settings.c:202  debug_display_settings           [   0.05020] color: 16 (rgba 5650), depth: 16, stencil: 0, acc: 0000, samples: 8/1
display  D   display_settings.c:388  _al_score_display_settings       [   0.05023] Single Buffer requirement not met.
d3d      D         d3d_disp.cpp:1670 d3d_create_display_internals     [   0.05030] Trying format 0.
d3d      I         d3d_disp.cpp:1346 d3d_display_thread_proc          [   0.05054] Chose a display format: 23
d3d      I         d3d_disp.cpp:1415 d3d_display_thread_proc          [   0.05058] Normal window.
d3d      I         d3d_disp.cpp:779  d3d_create_device                [   0.06116] Using no depth stencil buffer
d3d      D         d3d_disp.cpp:837  d3d_create_device                [   0.09084] BeginScene succeeded in create_device
d3d      D         d3d_disp.cpp:845  d3d_create_device                [   0.09089] Success
d3d      D         d3d_disp.cpp:1693 d3d_create_display_internals     [   0.09092] Resumed after wait.
d3d      I         d3d_disp.cpp:1726 d3d_create_display_internals     [   0.09100] Format 0 succeeded.
d3d      D         d3d_disp.cpp:1757 d3d_create_display_internals     [   0.09115] Returning d3d_display: 00DAF4F8
d3d      D         d3d_disp.cpp:1782 d3d_create_display_locked        [   0.09117] al_display=00DAF4F8
d3d      D         d3d_disp.cpp:1783 d3d_create_display_locked        [   0.09119] al_display->vt=00DD3F40
system   D            wsystem.c:674  maybe_parent_dir                 [   0.09138] Also searching C:\Users\Administrador\Documents\GitHub\AllegroGame\Game\bin\Win32\
system   D            wsystem.c:724  _al_win_safe_load_library        [   0.09152] PathFindOnPath found: C:\WINDOWS\system32\d3dx9_43.dll
system   D            wsystem.c:635  load_library_at_path             [   0.09155] Calling LoadLibrary C:\WINDOWS\system32\d3dx9_43.dll
system   I            wsystem.c:638  load_library_at_path             [   0.09190] Loaded C:\WINDOWS\system32\d3dx9_43.dll
d3dx9    I        d3d_d3dx9.cpp:88   _imp_load_d3dx9_module_version   [   0.09195] Module "d3dx9_43.dll" loaded.
d3d      D         d3d_disp.cpp:1186 real_choose_bitmap_format        [   0.09281] Fake format
d3d      D         d3d_disp.cpp:1186 real_choose_bitmap_format        [   0.09284] Fake format
d3d      D         d3d_disp.cpp:1186 real_choose_bitmap_format        [   0.09285] Fake format
d3d      D         d3d_disp.cpp:1186 real_choose_bitmap_format        [   0.09287] Fake format
d3d      D         d3d_disp.cpp:1186 real_choose_bitmap_format        [   0.09289] Fake format
d3d      D         d3d_disp.cpp:1186 real_choose_bitmap_format        [   0.09290] Fake format
d3d      D         d3d_disp.cpp:1186 real_choose_bitmap_format        [   0.09292] Fake format
d3d      D         d3d_disp.cpp:1186 real_choose_bitmap_format        [   0.09294] Fake format
d3d      D         d3d_disp.cpp:1186 real_choose_bitmap_format        [   0.09295] Fake format
d3d      D         d3d_disp.cpp:1194 real_choose_bitmap_format        [   0.09297] Alpha doesn't match
d3d      D         d3d_disp.cpp:1201 real_choose_bitmap_format        [   0.09299] Adapter format is 23
d3d      D         d3d_disp.cpp:1204 real_choose_bitmap_format        [   0.09301] Found a format
d3d      I         d3d_disp.cpp:2381 d3d_create_bitmap                [   0.09302] Chose bitmap format 9
dtor     D               dtor.c:184  _al_register_destructor          [   0.09326] added dtor for object 0A1AA850, func 554821E9
d3d      D          d3d_bmp.cpp:539  _al_d3d_sync_bitmap              [   0.09339] _al_d3d_sync_bitmap (system) ref count == 1
d3d      D          d3d_bmp.cpp:545  _al_d3d_sync_bitmap              [   0.09342] _al_d3d_sync_bitmap (video) ref count == 1
d3d      D         d3d_disp.cpp:1186 real_choose_bitmap_format        [   0.09451] Fake format
d3d      D         d3d_disp.cpp:1186 real_choose_bitmap_format        [   0.09454] Fake format
d3d      D         d3d_disp.cpp:1186 real_choose_bitmap_format        [   0.09457] Fake format
d3d      D         d3d_disp.cpp:1186 real_choose_bitmap_format        [   0.09460] Fake format
d3d      D         d3d_disp.cpp:1186 real_choose_bitmap_format        [   0.09462] Fake format
d3d      D         d3d_disp.cpp:1186 real_choose_bitmap_format        [   0.09463] Fake format
d3d      D         d3d_disp.cpp:1186 real_choose_bitmap_format        [   0.09465] Fake format
d3d      D         d3d_disp.cpp:1186 real_choose_bitmap_format        [   0.09467] Fake format
d3d      D         d3d_disp.cpp:1186 real_choose_bitmap_format        [   0.09468] Fake format
d3d      D         d3d_disp.cpp:1194 real_choose_bitmap_format        [   0.09470] Alpha doesn't match
d3d      D         d3d_disp.cpp:1201 real_choose_bitmap_format        [   0.09472] Adapter format is 23
d3d      D         d3d_disp.cpp:1204 real_choose_bitmap_format        [   0.09473] Found a format
d3d      I         d3d_disp.cpp:2381 d3d_create_bitmap                [   0.09475] Chose bitmap format 9
dtor     D               dtor.c:184  _al_register_destructor          [   0.09489] added dtor for object 0A1B5658, func 554821E9
d3d      D          d3d_bmp.cpp:539  _al_d3d_sync_bitmap              [   0.09496] _al_d3d_sync_bitmap (system) ref count == 1
d3d      D          d3d_bmp.cpp:545  _al_d3d_sync_bitmap              [   0.09500] _al_d3d_sync_bitmap (video) ref count == 1
dtor     D               dtor.c:184  _al_register_destructor          [   0.09538] added dtor for object 00DA9C10, func 5548233D
d3d      D          d3d_bmp.cpp:539  _al_d3d_sync_bitmap              [   0.09638] _al_d3d_sync_bitmap (system) ref count == 1
d3d      D          d3d_bmp.cpp:545  _al_d3d_sync_bitmap              [   0.09641] _al_d3d_sync_bitmap (video) ref count == 2
d3d      D          d3d_bmp.cpp:539  _al_d3d_sync_bitmap              [   0.09679] _al_d3d_sync_bitmap (system) ref count == 1
d3d      D          d3d_bmp.cpp:545  _al_d3d_sync_bitmap              [   0.09682] _al_d3d_sync_bitmap (video) ref count == 2
dtor     D               dtor.c:214  _al_unregister_destructor        [   5.58047] removed dtor for object 0A1AA850
d3d      W         d3d_disp.cpp:2424 _al_d3d_destroy_bitmap           [   5.58055] d3d_destroy_bitmap: Release video texture failed.
dtor     D               dtor.c:214  _al_unregister_destructor        [   5.59723] removed dtor for object 00D2FAA8
d3d      I         d3d_disp.cpp:899  d3d_destroy_display              [   5.59734] destroying display 00DAF4F8 (current 00000000)
bitmap   D        bitmap_type.c:300  _al_convert_to_memory_bitmap     [   5.60114] converting display bitmap 0A1B5658 to memory bitmap
dtor     D               dtor.c:184  _al_register_destructor          [   5.60124] added dtor for object 0A1BC2C0, func 554821E9
d3d      D          d3d_bmp.cpp:539  _al_d3d_sync_bitmap              [   5.60131] _al_d3d_sync_bitmap (system) ref count == 1
d3d      D          d3d_bmp.cpp:545  _al_d3d_sync_bitmap              [   5.60136] _al_d3d_sync_bitmap (video) ref count == 2
dtor     D               dtor.c:214  _al_unregister_destructor        [   5.60164] removed dtor for object 0A1BC2C0
d3d      W         d3d_disp.cpp:2424 _al_d3d_destroy_bitmap           [   5.60171] d3d_destroy_bitmap: Release video texture failed.
d3d      D         d3d_disp.cpp:883  d3d_destroy_display_internals    [   5.60177] waiting for display 00DAF4F8's thread to end
d3d      I         d3d_disp.cpp:1551 d3d_display_thread_proc          [   5.62133] d3d display thread exits
dtor     D               dtor.c:214  _al_unregister_destructor        [   5.62307] removed dtor for object 00DA9C10
dtor     D               dtor.c:114  _al_run_destructors              [   5.62316] calling dtor for object 0A1B5658, func 554821E9
dtor     D               dtor.c:214  _al_unregister_destructor        [   5.62320] removed dtor for object 0A1B5658
